<?xml version="1.0" encoding="UTF-8"?>
<coverage generated="1512127320063" clover="3.2.0">
  <project timestamp="1512127320063" name="All files">
    <metrics statements="89" coveredstatements="34" conditionals="42" coveredconditionals="13" methods="38" coveredmethods="15" elements="169" coveredelements="62" complexity="0" loc="89" ncloc="89" packages="2" files="6" classes="6">
      <package name="components">
        <metrics statements="88" coveredstatements="33" conditionals="42" coveredconditionals="13" methods="38" coveredmethods="15"/>
        <file name="LandingComponent.js" path="/Users/moranlemusj/Desktop/easyaspie/client1.0/components/LandingComponent.js">
          <metrics statements="16" coveredstatements="16" conditionals="10" coveredconditionals="10" methods="8" coveredmethods="8"/>
          <line num="8" count="3" type="stmt"/>
          <line num="9" count="3" type="stmt"/>
          <line num="17" count="3" type="stmt"/>
          <line num="21" count="3" type="stmt"/>
          <line num="25" count="4" type="stmt"/>
          <line num="28" count="1" type="stmt"/>
          <line num="31" count="1" type="stmt"/>
          <line num="35" count="11" type="cond" truecount="2" falsecount="0"/>
          <line num="36" count="2" type="stmt"/>
          <line num="37" count="9" type="cond" truecount="2" falsecount="0"/>
          <line num="38" count="1" type="stmt"/>
          <line num="40" count="8" type="stmt"/>
          <line num="43" count="11" type="cond" truecount="4" falsecount="0"/>
          <line num="54" count="12" type="cond" truecount="2" falsecount="0"/>
          <line num="64" count="12" type="stmt"/>
          <line num="73" count="1" type="stmt"/>
        </file>
        <file name="MapComponent.js" path="/Users/moranlemusj/Desktop/easyaspie/client1.0/components/MapComponent.js">
          <metrics statements="34" coveredstatements="8" conditionals="16" coveredconditionals="2" methods="13" coveredmethods="4"/>
          <line num="10" count="1" type="stmt"/>
          <line num="11" count="1" type="stmt"/>
          <line num="21" count="1" type="stmt"/>
          <line num="22" count="0" type="stmt"/>
          <line num="24" count="0" type="stmt"/>
          <line num="25" count="0" type="stmt"/>
          <line num="30" count="1" type="cond" truecount="1" falsecount="1"/>
          <line num="31" count="0" type="stmt"/>
          <line num="32" count="0" type="stmt"/>
          <line num="33" count="0" type="stmt"/>
          <line num="35" count="1" type="stmt"/>
          <line num="40" count="0" type="cond" truecount="0" falsecount="2"/>
          <line num="41" count="0" type="cond" truecount="0" falsecount="4"/>
          <line num="42" count="0" type="stmt"/>
          <line num="43" count="0" type="stmt"/>
          <line num="44" count="0" type="stmt"/>
          <line num="46" count="0" type="stmt"/>
          <line num="49" count="0" type="stmt"/>
          <line num="50" count="0" type="stmt"/>
          <line num="51" count="0" type="stmt"/>
          <line num="53" count="0" type="cond" truecount="0" falsecount="2"/>
          <line num="54" count="0" type="stmt"/>
          <line num="55" count="0" type="stmt"/>
          <line num="57" count="0" type="stmt"/>
          <line num="64" count="0" type="stmt"/>
          <line num="65" count="0" type="cond" truecount="0" falsecount="4"/>
          <line num="67" count="0" type="stmt"/>
          <line num="68" count="0" type="stmt"/>
          <line num="71" count="0" type="stmt"/>
          <line num="75" count="0" type="stmt"/>
          <line num="76" count="0" type="stmt"/>
          <line num="79" count="7" type="cond" truecount="1" falsecount="1"/>
          <line num="95" count="7" type="stmt"/>
          <line num="104" count="1" type="stmt"/>
        </file>
        <file name="MarkerList.js" path="/Users/moranlemusj/Desktop/easyaspie/client1.0/components/MarkerList.js">
          <metrics statements="13" coveredstatements="1" conditionals="8" coveredconditionals="0" methods="5" coveredmethods="0"/>
          <line num="7" count="0" type="stmt"/>
          <line num="8" count="0" type="stmt"/>
          <line num="13" count="0" type="cond" truecount="0" falsecount="2"/>
          <line num="15" count="0" type="stmt"/>
          <line num="16" count="0" type="cond" truecount="0" falsecount="4"/>
          <line num="17" count="0" type="stmt"/>
          <line num="18" count="0" type="cond" truecount="0" falsecount="2"/>
          <line num="19" count="0" type="stmt"/>
          <line num="21" count="0" type="stmt"/>
          <line num="28" count="0" type="stmt"/>
          <line num="31" count="0" type="stmt"/>
          <line num="42" count="0" type="stmt"/>
          <line num="47" count="1" type="stmt"/>
        </file>
        <file name="modal.js" path="/Users/moranlemusj/Desktop/easyaspie/client1.0/components/modal.js">
          <metrics statements="19" coveredstatements="7" conditionals="6" coveredconditionals="1" methods="9" coveredmethods="3"/>
          <line num="24" count="1" type="stmt"/>
          <line num="29" count="1" type="stmt"/>
          <line num="30" count="1" type="stmt"/>
          <line num="41" count="0" type="stmt"/>
          <line num="42" count="0" type="stmt"/>
          <line num="45" count="0" type="stmt"/>
          <line num="46" count="0" type="stmt"/>
          <line num="49" count="0" type="stmt"/>
          <line num="54" count="0" type="stmt"/>
          <line num="55" count="0" type="stmt"/>
          <line num="62" count="0" type="cond" truecount="0" falsecount="2"/>
          <line num="63" count="0" type="stmt"/>
          <line num="66" count="0" type="stmt"/>
          <line num="70" count="0" type="stmt"/>
          <line num="71" count="0" type="stmt"/>
          <line num="76" count="7" type="stmt"/>
          <line num="129" count="7" type="stmt"/>
          <line num="145" count="1" type="stmt"/>
          <line num="265" count="1" type="stmt"/>
        </file>
        <file name="photoList.js" path="/Users/moranlemusj/Desktop/easyaspie/client1.0/components/photoList.js">
          <metrics statements="6" coveredstatements="1" conditionals="2" coveredconditionals="0" methods="3" coveredmethods="0"/>
          <line num="14" count="0" type="cond" truecount="0" falsecount="2"/>
          <line num="15" count="0" type="stmt"/>
          <line num="16" count="0" type="stmt"/>
          <line num="17" count="0" type="stmt"/>
          <line num="33" count="0" type="stmt"/>
          <line num="41" count="1" type="stmt"/>
        </file>
      </package>
      <package name="tests">
        <metrics statements="1" coveredstatements="1" conditionals="0" coveredconditionals="0" methods="0" coveredmethods="0"/>
        <file name="setupTests.js" path="/Users/moranlemusj/Desktop/easyaspie/client1.0/tests/setupTests.js">
          <metrics statements="1" coveredstatements="1" conditionals="0" coveredconditionals="0" methods="0" coveredmethods="0"/>
          <line num="5" count="1" type="stmt"/>
        </file>
      </package>
    </metrics>
  </project>
</coverage>
