{"/Users/moranlemusj/Desktop/easyaspie/client1.0/App.js": {"path":"/Users/moranlemusj/Desktop/easyaspie/client1.0/App.js","statementMap":{"0":{"start":{"line":10,"column":4},"end":{"line":12,"column":6}}},"fnMap":{"0":{"name":"(anonymous_0)","decl":{"start":{"line":9,"column":2},"end":{"line":9,"column":3}},"loc":{"start":{"line":9,"column":11},"end":{"line":13,"column":3}},"line":9}},"branchMap":{},"s":{"0":1},"f":{"0":1},"b":{},"_coverageSchema":"332fd63041d2c1bcb487cc26dd0d5f7d97098a6c","hash":"e8b454a1ceebe2aea0dd70b347a557bf758ac37d"}
,"/Users/moranlemusj/Desktop/easyaspie/client1.0/components/LandingComponent.js": {"path":"/Users/moranlemusj/Desktop/easyaspie/client1.0/components/LandingComponent.js","statementMap":{"0":{"start":{"line":8,"column":4},"end":{"line":8,"column":17}},"1":{"start":{"line":9,"column":4},"end":{"line":13,"column":5}},"2":{"start":{"line":17,"column":4},"end":{"line":20,"column":6}},"3":{"start":{"line":21,"column":4},"end":{"line":21,"column":38}},"4":{"start":{"line":25,"column":4},"end":{"line":25,"column":30}},"5":{"start":{"line":28,"column":4},"end":{"line":28,"column":53}},"6":{"start":{"line":31,"column":4},"end":{"line":31,"column":44}},"7":{"start":{"line":35,"column":4},"end":{"line":41,"column":5}},"8":{"start":{"line":36,"column":6},"end":{"line":36,"column":31}},"9":{"start":{"line":37,"column":11},"end":{"line":41,"column":5}},"10":{"start":{"line":38,"column":6},"end":{"line":38,"column":31}},"11":{"start":{"line":40,"column":6},"end":{"line":40,"column":36}},"12":{"start":{"line":43,"column":4},"end":{"line":51,"column":5}},"13":{"start":{"line":54,"column":4},"end":{"line":61,"column":5}},"14":{"start":{"line":64,"column":4},"end":{"line":69,"column":6}},"15":{"start":{"line":73,"column":15},"end":{"line":110,"column":2}}},"fnMap":{"0":{"name":"(anonymous_0)","decl":{"start":{"line":7,"column":2},"end":{"line":7,"column":3}},"loc":{"start":{"line":7,"column":21},"end":{"line":14,"column":3}},"line":7},"1":{"name":"(anonymous_1)","decl":{"start":{"line":16,"column":2},"end":{"line":16,"column":3}},"loc":{"start":{"line":16,"column":29},"end":{"line":22,"column":3}},"line":16},"2":{"name":"(anonymous_2)","decl":{"start":{"line":24,"column":22},"end":{"line":24,"column":23}},"loc":{"start":{"line":24,"column":37},"end":{"line":26,"column":3}},"line":24},"3":{"name":"(anonymous_3)","decl":{"start":{"line":27,"column":20},"end":{"line":27,"column":21}},"loc":{"start":{"line":27,"column":26},"end":{"line":29,"column":3}},"line":27},"4":{"name":"(anonymous_4)","decl":{"start":{"line":30,"column":17},"end":{"line":30,"column":18}},"loc":{"start":{"line":30,"column":23},"end":{"line":32,"column":3}},"line":30},"5":{"name":"(anonymous_5)","decl":{"start":{"line":33,"column":2},"end":{"line":33,"column":3}},"loc":{"start":{"line":33,"column":23},"end":{"line":52,"column":3}},"line":33},"6":{"name":"(anonymous_6)","decl":{"start":{"line":53,"column":2},"end":{"line":53,"column":3}},"loc":{"start":{"line":53,"column":19},"end":{"line":62,"column":3}},"line":53},"7":{"name":"(anonymous_7)","decl":{"start":{"line":63,"column":2},"end":{"line":63,"column":3}},"loc":{"start":{"line":63,"column":11},"end":{"line":70,"column":3}},"line":63}},"branchMap":{"0":{"loc":{"start":{"line":35,"column":4},"end":{"line":41,"column":5}},"type":"if","locations":[{"start":{"line":35,"column":4},"end":{"line":41,"column":5}},{"start":{"line":35,"column":4},"end":{"line":41,"column":5}}],"line":35},"1":{"loc":{"start":{"line":37,"column":11},"end":{"line":41,"column":5}},"type":"if","locations":[{"start":{"line":37,"column":11},"end":{"line":41,"column":5}},{"start":{"line":37,"column":11},"end":{"line":41,"column":5}}],"line":37},"2":{"loc":{"start":{"line":43,"column":12},"end":{"line":50,"column":21}},"type":"cond-expr","locations":[{"start":{"line":44,"column":8},"end":{"line":49,"column":15}},{"start":{"line":50,"column":8},"end":{"line":50,"column":21}}],"line":43},"3":{"loc":{"start":{"line":43,"column":13},"end":{"line":43,"column":42}},"type":"binary-expr","locations":[{"start":{"line":43,"column":13},"end":{"line":43,"column":34}},{"start":{"line":43,"column":38},"end":{"line":43,"column":42}}],"line":43},"4":{"loc":{"start":{"line":54,"column":12},"end":{"line":60,"column":25}},"type":"cond-expr","locations":[{"start":{"line":55,"column":12},"end":{"line":59,"column":19}},{"start":{"line":60,"column":12},"end":{"line":60,"column":25}}],"line":54}},"s":{"0":4,"1":4,"2":4,"3":4,"4":4,"5":1,"6":1,"7":13,"8":2,"9":11,"10":1,"11":10,"12":13,"13":14,"14":14,"15":2},"f":{"0":4,"1":4,"2":4,"3":1,"4":1,"5":13,"6":14,"7":14},"b":{"0":[2,11],"1":[1,10],"2":[8,5],"3":[13,8],"4":[13,1]},"_coverageSchema":"332fd63041d2c1bcb487cc26dd0d5f7d97098a6c","hash":"7daca3b1499fbeef8e0408b88dbd994b6b3a119e"}
,"/Users/moranlemusj/Desktop/easyaspie/client1.0/components/MapComponent.js": {"path":"/Users/moranlemusj/Desktop/easyaspie/client1.0/components/MapComponent.js","statementMap":{"0":{"start":{"line":10,"column":4},"end":{"line":10,"column":17}},"1":{"start":{"line":11,"column":4},"end":{"line":17,"column":5}},"2":{"start":{"line":21,"column":23},"end":{"line":21,"column":71}},"3":{"start":{"line":22,"column":19},"end":{"line":25,"column":40}},"4":{"start":{"line":24,"column":6},"end":{"line":24,"column":70}},"5":{"start":{"line":25,"column":6},"end":{"line":25,"column":38}},"6":{"start":{"line":30,"column":4},"end":{"line":36,"column":5}},"7":{"start":{"line":31,"column":6},"end":{"line":31,"column":78}},"8":{"start":{"line":32,"column":6},"end":{"line":32,"column":42}},"9":{"start":{"line":33,"column":6},"end":{"line":33,"column":138}},"10":{"start":{"line":35,"column":6},"end":{"line":35,"column":160}},"11":{"start":{"line":40,"column":4},"end":{"line":40,"column":30}},"12":{"start":{"line":40,"column":16},"end":{"line":40,"column":30}},"13":{"start":{"line":41,"column":4},"end":{"line":60,"column":5}},"14":{"start":{"line":42,"column":18},"end":{"line":42,"column":186}},"15":{"start":{"line":43,"column":6},"end":{"line":47,"column":10}},"16":{"start":{"line":44,"column":23},"end":{"line":44,"column":34}},"17":{"start":{"line":46,"column":10},"end":{"line":46,"column":92}},"18":{"start":{"line":49,"column":18},"end":{"line":49,"column":209}},"19":{"start":{"line":50,"column":6},"end":{"line":59,"column":10}},"20":{"start":{"line":51,"column":23},"end":{"line":51,"column":34}},"21":{"start":{"line":53,"column":10},"end":{"line":58,"column":11}},"22":{"start":{"line":54,"column":22},"end":{"line":54,"column":52}},"23":{"start":{"line":55,"column":12},"end":{"line":55,"column":111}},"24":{"start":{"line":57,"column":12},"end":{"line":57,"column":53}},"25":{"start":{"line":64,"column":16},"end":{"line":64,"column":35}},"26":{"start":{"line":65,"column":4},"end":{"line":72,"column":5}},"27":{"start":{"line":67,"column":10},"end":{"line":67,"column":45}},"28":{"start":{"line":68,"column":10},"end":{"line":68,"column":54}},"29":{"start":{"line":71,"column":6},"end":{"line":71,"column":42}},"30":{"start":{"line":75,"column":4},"end":{"line":75,"column":30}},"31":{"start":{"line":76,"column":4},"end":{"line":76,"column":39}},"32":{"start":{"line":79,"column":14},"end":{"line":94,"column":43}},"33":{"start":{"line":95,"column":4},"end":{"line":100,"column":6}},"34":{"start":{"line":104,"column":15},"end":{"line":123,"column":2}}},"fnMap":{"0":{"name":"(anonymous_0)","decl":{"start":{"line":9,"column":2},"end":{"line":9,"column":3}},"loc":{"start":{"line":9,"column":21},"end":{"line":18,"column":3}},"line":9},"1":{"name":"(anonymous_1)","decl":{"start":{"line":20,"column":23},"end":{"line":20,"column":24}},"loc":{"start":{"line":20,"column":35},"end":{"line":26,"column":3}},"line":20},"2":{"name":"(anonymous_2)","decl":{"start":{"line":22,"column":62},"end":{"line":22,"column":63}},"loc":{"start":{"line":22,"column":71},"end":{"line":22,"column":73}},"line":22},"3":{"name":"(anonymous_3)","decl":{"start":{"line":23,"column":11},"end":{"line":23,"column":12}},"loc":{"start":{"line":23,"column":18},"end":{"line":25,"column":39}},"line":23},"4":{"name":"(anonymous_4)","decl":{"start":{"line":28,"column":22},"end":{"line":28,"column":23}},"loc":{"start":{"line":28,"column":38},"end":{"line":37,"column":3}},"line":28},"5":{"name":"(anonymous_5)","decl":{"start":{"line":39,"column":14},"end":{"line":39,"column":15}},"loc":{"start":{"line":39,"column":53},"end":{"line":61,"column":3}},"line":39},"6":{"name":"(anonymous_6)","decl":{"start":{"line":44,"column":15},"end":{"line":44,"column":16}},"loc":{"start":{"line":44,"column":23},"end":{"line":44,"column":34}},"line":44},"7":{"name":"(anonymous_7)","decl":{"start":{"line":45,"column":14},"end":{"line":45,"column":15}},"loc":{"start":{"line":45,"column":22},"end":{"line":47,"column":9}},"line":45},"8":{"name":"(anonymous_8)","decl":{"start":{"line":51,"column":15},"end":{"line":51,"column":16}},"loc":{"start":{"line":51,"column":23},"end":{"line":51,"column":34}},"line":51},"9":{"name":"(anonymous_9)","decl":{"start":{"line":52,"column":14},"end":{"line":52,"column":15}},"loc":{"start":{"line":52,"column":22},"end":{"line":59,"column":9}},"line":52},"10":{"name":"(anonymous_10)","decl":{"start":{"line":63,"column":31},"end":{"line":63,"column":32}},"loc":{"start":{"line":63,"column":44},"end":{"line":73,"column":3}},"line":63},"11":{"name":"(anonymous_11)","decl":{"start":{"line":74,"column":22},"end":{"line":74,"column":23}},"loc":{"start":{"line":74,"column":30},"end":{"line":77,"column":3}},"line":74},"12":{"name":"(anonymous_12)","decl":{"start":{"line":78,"column":2},"end":{"line":78,"column":3}},"loc":{"start":{"line":78,"column":11},"end":{"line":101,"column":3}},"line":78}},"branchMap":{"0":{"loc":{"start":{"line":30,"column":4},"end":{"line":36,"column":5}},"type":"if","locations":[{"start":{"line":30,"column":4},"end":{"line":36,"column":5}},{"start":{"line":30,"column":4},"end":{"line":36,"column":5}}],"line":30},"1":{"loc":{"start":{"line":40,"column":4},"end":{"line":40,"column":30}},"type":"if","locations":[{"start":{"line":40,"column":4},"end":{"line":40,"column":30}},{"start":{"line":40,"column":4},"end":{"line":40,"column":30}}],"line":40},"2":{"loc":{"start":{"line":41,"column":4},"end":{"line":60,"column":5}},"type":"if","locations":[{"start":{"line":41,"column":4},"end":{"line":60,"column":5}},{"start":{"line":41,"column":4},"end":{"line":60,"column":5}}],"line":41},"3":{"loc":{"start":{"line":41,"column":8},"end":{"line":41,"column":40}},"type":"binary-expr","locations":[{"start":{"line":41,"column":8},"end":{"line":41,"column":18}},{"start":{"line":41,"column":22},"end":{"line":41,"column":40}}],"line":41},"4":{"loc":{"start":{"line":53,"column":10},"end":{"line":58,"column":11}},"type":"if","locations":[{"start":{"line":53,"column":10},"end":{"line":58,"column":11}},{"start":{"line":53,"column":10},"end":{"line":58,"column":11}}],"line":53},"5":{"loc":{"start":{"line":65,"column":4},"end":{"line":72,"column":5}},"type":"if","locations":[{"start":{"line":65,"column":4},"end":{"line":72,"column":5}},{"start":{"line":65,"column":4},"end":{"line":72,"column":5}}],"line":65},"6":{"loc":{"start":{"line":65,"column":8},"end":{"line":66,"column":82}},"type":"binary-expr","locations":[{"start":{"line":65,"column":9},"end":{"line":65,"column":79}},{"start":{"line":66,"column":9},"end":{"line":66,"column":81}}],"line":65},"7":{"loc":{"start":{"line":79,"column":14},"end":{"line":94,"column":43}},"type":"cond-expr","locations":[{"start":{"line":80,"column":8},"end":{"line":94,"column":18}},{"start":{"line":94,"column":21},"end":{"line":94,"column":43}}],"line":79}},"s":{"0":5,"1":5,"2":5,"3":0,"4":0,"5":0,"6":3,"7":1,"8":1,"9":0,"10":2,"11":5,"12":2,"13":5,"14":4,"15":4,"16":1,"17":1,"18":1,"19":1,"20":1,"21":1,"22":1,"23":1,"24":0,"25":0,"26":0,"27":0,"28":0,"29":0,"30":0,"31":0,"32":19,"33":19,"34":3},"f":{"0":5,"1":5,"2":0,"3":0,"4":3,"5":5,"6":1,"7":1,"8":1,"9":1,"10":0,"11":0,"12":19},"b":{"0":[1,2],"1":[2,3],"2":[4,1],"3":[5,4],"4":[1,0],"5":[0,0],"6":[0,0],"7":[2,17]},"_coverageSchema":"332fd63041d2c1bcb487cc26dd0d5f7d97098a6c","hash":"c2755ceb434102dea91a2b0c3c0260cae0790402"}
,"/Users/moranlemusj/Desktop/easyaspie/client1.0/components/MarkerList.js": {"path":"/Users/moranlemusj/Desktop/easyaspie/client1.0/components/MarkerList.js","statementMap":{"0":{"start":{"line":7,"column":4},"end":{"line":7,"column":17}},"1":{"start":{"line":8,"column":4},"end":{"line":10,"column":5}},"2":{"start":{"line":13,"column":15},"end":{"line":41,"column":24}},"3":{"start":{"line":15,"column":22},"end":{"line":15,"column":95}},"4":{"start":{"line":16,"column":8},"end":{"line":20,"column":9}},"5":{"start":{"line":17,"column":10},"end":{"line":17,"column":35}},"6":{"start":{"line":18,"column":15},"end":{"line":20,"column":9}},"7":{"start":{"line":19,"column":10},"end":{"line":19,"column":33}},"8":{"start":{"line":21,"column":8},"end":{"line":40,"column":9}},"9":{"start":{"line":28,"column":26},"end":{"line":28,"column":62}},"10":{"start":{"line":31,"column":30},"end":{"line":31,"column":73}},"11":{"start":{"line":42,"column":4},"end":{"line":44,"column":5}},"12":{"start":{"line":47,"column":15},"end":{"line":61,"column":2}}},"fnMap":{"0":{"name":"(anonymous_0)","decl":{"start":{"line":6,"column":2},"end":{"line":6,"column":3}},"loc":{"start":{"line":6,"column":21},"end":{"line":11,"column":3}},"line":6},"1":{"name":"(anonymous_1)","decl":{"start":{"line":12,"column":2},"end":{"line":12,"column":3}},"loc":{"start":{"line":12,"column":11},"end":{"line":45,"column":3}},"line":12},"2":{"name":"(anonymous_2)","decl":{"start":{"line":14,"column":41},"end":{"line":14,"column":42}},"loc":{"start":{"line":14,"column":47},"end":{"line":41,"column":7}},"line":14},"3":{"name":"(anonymous_3)","decl":{"start":{"line":28,"column":19},"end":{"line":28,"column":20}},"loc":{"start":{"line":28,"column":26},"end":{"line":28,"column":62}},"line":28},"4":{"name":"(anonymous_4)","decl":{"start":{"line":31,"column":23},"end":{"line":31,"column":24}},"loc":{"start":{"line":31,"column":30},"end":{"line":31,"column":73}},"line":31}},"branchMap":{"0":{"loc":{"start":{"line":13,"column":15},"end":{"line":41,"column":24}},"type":"cond-expr","locations":[{"start":{"line":14,"column":6},"end":{"line":41,"column":8}},{"start":{"line":41,"column":11},"end":{"line":41,"column":24}}],"line":13},"1":{"loc":{"start":{"line":16,"column":8},"end":{"line":20,"column":9}},"type":"if","locations":[{"start":{"line":16,"column":8},"end":{"line":20,"column":9}},{"start":{"line":16,"column":8},"end":{"line":20,"column":9}}],"line":16},"2":{"loc":{"start":{"line":16,"column":11},"end":{"line":16,"column":56}},"type":"binary-expr","locations":[{"start":{"line":16,"column":11},"end":{"line":16,"column":27}},{"start":{"line":16,"column":31},"end":{"line":16,"column":56}}],"line":16},"3":{"loc":{"start":{"line":18,"column":15},"end":{"line":20,"column":9}},"type":"if","locations":[{"start":{"line":18,"column":15},"end":{"line":20,"column":9}},{"start":{"line":18,"column":15},"end":{"line":20,"column":9}}],"line":18}},"s":{"0":0,"1":0,"2":0,"3":0,"4":0,"5":0,"6":0,"7":0,"8":0,"9":0,"10":0,"11":0,"12":3},"f":{"0":0,"1":0,"2":0,"3":0,"4":0},"b":{"0":[0,0],"1":[0,0],"2":[0,0],"3":[0,0]},"_coverageSchema":"332fd63041d2c1bcb487cc26dd0d5f7d97098a6c","hash":"d6a9fb8f98fac3f736a49888303749b8182ce955"}
,"/Users/moranlemusj/Desktop/easyaspie/client1.0/components/modal.js": {"path":"/Users/moranlemusj/Desktop/easyaspie/client1.0/components/modal.js","statementMap":{"0":{"start":{"line":24,"column":13},"end":{"line":24,"column":37}},"1":{"start":{"line":29,"column":4},"end":{"line":29,"column":12}},"2":{"start":{"line":30,"column":4},"end":{"line":37,"column":6}},"3":{"start":{"line":41,"column":4},"end":{"line":41,"column":30}},"4":{"start":{"line":42,"column":4},"end":{"line":42,"column":38}},"5":{"start":{"line":45,"column":4},"end":{"line":45,"column":41}},"6":{"start":{"line":46,"column":4},"end":{"line":46,"column":30}},"7":{"start":{"line":49,"column":4},"end":{"line":49,"column":24}},"8":{"start":{"line":54,"column":4},"end":{"line":54,"column":31}},"9":{"start":{"line":55,"column":4},"end":{"line":72,"column":8}},"10":{"start":{"line":62,"column":8},"end":{"line":67,"column":9}},"11":{"start":{"line":63,"column":10},"end":{"line":63,"column":29}},"12":{"start":{"line":66,"column":10},"end":{"line":66,"column":33}},"13":{"start":{"line":70,"column":8},"end":{"line":70,"column":26}},"14":{"start":{"line":71,"column":8},"end":{"line":71,"column":46}},"15":{"start":{"line":76,"column":4},"end":{"line":124,"column":5}},"16":{"start":{"line":129,"column":4},"end":{"line":140,"column":6}},"17":{"start":{"line":145,"column":15},"end":{"line":263,"column":2}},"18":{"start":{"line":265,"column":24},"end":{"line":316,"column":3}}},"fnMap":{"0":{"name":"(anonymous_0)","decl":{"start":{"line":28,"column":2},"end":{"line":28,"column":3}},"loc":{"start":{"line":28,"column":16},"end":{"line":38,"column":3}},"line":28},"1":{"name":"(anonymous_1)","decl":{"start":{"line":40,"column":13},"end":{"line":40,"column":14}},"loc":{"start":{"line":40,"column":19},"end":{"line":43,"column":3}},"line":40},"2":{"name":"(anonymous_2)","decl":{"start":{"line":44,"column":13},"end":{"line":44,"column":14}},"loc":{"start":{"line":44,"column":19},"end":{"line":47,"column":3}},"line":44},"3":{"name":"(anonymous_3)","decl":{"start":{"line":48,"column":10},"end":{"line":48,"column":11}},"loc":{"start":{"line":48,"column":18},"end":{"line":50,"column":3}},"line":48},"4":{"name":"(anonymous_4)","decl":{"start":{"line":53,"column":2},"end":{"line":53,"column":3}},"loc":{"start":{"line":53,"column":21},"end":{"line":73,"column":3}},"line":53},"5":{"name":"(anonymous_5)","decl":{"start":{"line":61,"column":12},"end":{"line":61,"column":13}},"loc":{"start":{"line":61,"column":20},"end":{"line":68,"column":7}},"line":61},"6":{"name":"(anonymous_6)","decl":{"start":{"line":69,"column":12},"end":{"line":69,"column":13}},"loc":{"start":{"line":69,"column":20},"end":{"line":72,"column":7}},"line":69},"7":{"name":"(anonymous_7)","decl":{"start":{"line":75,"column":16},"end":{"line":75,"column":17}},"loc":{"start":{"line":75,"column":22},"end":{"line":125,"column":3}},"line":75},"8":{"name":"(anonymous_8)","decl":{"start":{"line":127,"column":2},"end":{"line":127,"column":3}},"loc":{"start":{"line":127,"column":11},"end":{"line":141,"column":3}},"line":127}},"branchMap":{"0":{"loc":{"start":{"line":62,"column":8},"end":{"line":67,"column":9}},"type":"if","locations":[{"start":{"line":62,"column":8},"end":{"line":67,"column":9}},{"start":{"line":62,"column":8},"end":{"line":67,"column":9}}],"line":62},"1":{"loc":{"start":{"line":77,"column":6},"end":{"line":123,"column":13}},"type":"cond-expr","locations":[{"start":{"line":79,"column":6},"end":{"line":103,"column":13}},{"start":{"line":105,"column":6},"end":{"line":123,"column":13}}],"line":77},"2":{"loc":{"start":{"line":82,"column":26},"end":{"line":84,"column":49}},"type":"cond-expr","locations":[{"start":{"line":83,"column":14},"end":{"line":83,"column":103}},{"start":{"line":84,"column":14},"end":{"line":84,"column":49}}],"line":82}},"s":{"0":4,"1":6,"2":6,"3":0,"4":0,"5":0,"6":0,"7":0,"8":0,"9":0,"10":0,"11":0,"12":0,"13":0,"14":0,"15":18,"16":18,"17":4,"18":4},"f":{"0":6,"1":0,"2":0,"3":0,"4":0,"5":0,"6":0,"7":18,"8":18},"b":{"0":[0,0],"1":[0,18],"2":[0,0]},"_coverageSchema":"332fd63041d2c1bcb487cc26dd0d5f7d97098a6c","hash":"d99aeb230b4f4350caee848a0a6d0699d033fab7"}
,"/Users/moranlemusj/Desktop/easyaspie/client1.0/components/photoList.js": {"path":"/Users/moranlemusj/Desktop/easyaspie/client1.0/components/photoList.js","statementMap":{"0":{"start":{"line":14,"column":4},"end":{"line":14,"column":42}},"1":{"start":{"line":14,"column":30},"end":{"line":14,"column":42}},"2":{"start":{"line":15,"column":15},"end":{"line":15,"column":46}},"3":{"start":{"line":16,"column":4},"end":{"line":27,"column":6}},"4":{"start":{"line":17,"column":6},"end":{"line":26,"column":7}},"5":{"start":{"line":33,"column":4},"end":{"line":37,"column":6}},"6":{"start":{"line":41,"column":15},"end":{"line":47,"column":2}}},"fnMap":{"0":{"name":"(anonymous_0)","decl":{"start":{"line":13,"column":2},"end":{"line":13,"column":3}},"loc":{"start":{"line":13,"column":20},"end":{"line":28,"column":3}},"line":13},"1":{"name":"(anonymous_1)","decl":{"start":{"line":16,"column":20},"end":{"line":16,"column":21}},"loc":{"start":{"line":16,"column":29},"end":{"line":27,"column":5}},"line":16},"2":{"name":"(anonymous_2)","decl":{"start":{"line":32,"column":2},"end":{"line":32,"column":3}},"loc":{"start":{"line":32,"column":11},"end":{"line":38,"column":3}},"line":32}},"branchMap":{"0":{"loc":{"start":{"line":14,"column":4},"end":{"line":14,"column":42}},"type":"if","locations":[{"start":{"line":14,"column":4},"end":{"line":14,"column":42}},{"start":{"line":14,"column":4},"end":{"line":14,"column":42}}],"line":14}},"s":{"0":0,"1":0,"2":0,"3":0,"4":0,"5":0,"6":4},"f":{"0":0,"1":0,"2":0},"b":{"0":[0,0]},"_coverageSchema":"332fd63041d2c1bcb487cc26dd0d5f7d97098a6c","hash":"71294f9005e3245476a0d1492d644f3de9c9c48c"}
,"/Users/moranlemusj/Desktop/easyaspie/client1.0/tests/setupTests.js": {"path":"/Users/moranlemusj/Desktop/easyaspie/client1.0/tests/setupTests.js","statementMap":{"0":{"start":{"line":5,"column":0},"end":{"line":5,"column":45}},"1":{"start":{"line":6,"column":0},"end":{"line":6,"column":42}}},"fnMap":{},"branchMap":{},"s":{"0":4,"1":4},"f":{},"b":{},"_coverageSchema":"332fd63041d2c1bcb487cc26dd0d5f7d97098a6c","hash":"636de524fc221ac48bc4cf372d8f97646b6fee6d"}
}
