TN:
SF:/Users/moranlemusj/Desktop/easyaspie/client1.0/App.js
FN:9,(anonymous_0)
FNF:1
FNH:1
FNDA:1,(anonymous_0)
DA:10,1
LF:1
LH:1
BRF:0
BRH:0
end_of_record
TN:
SF:/Users/moranlemusj/Desktop/easyaspie/client1.0/components/LandingComponent.js
FN:7,(anonymous_0)
FN:16,(anonymous_1)
FN:24,(anonymous_2)
FN:27,(anonymous_3)
FN:30,(anonymous_4)
FN:33,(anonymous_5)
FN:53,(anonymous_6)
FN:63,(anonymous_7)
FNF:8
FNH:8
FNDA:4,(anonymous_0)
FNDA:4,(anonymous_1)
FNDA:4,(anonymous_2)
FNDA:1,(anonymous_3)
FNDA:1,(anonymous_4)
FNDA:13,(anonymous_5)
FNDA:14,(anonymous_6)
FNDA:14,(anonymous_7)
DA:8,4
DA:9,4
DA:17,4
DA:21,4
DA:25,4
DA:28,1
DA:31,1
DA:35,13
DA:36,2
DA:37,11
DA:38,1
DA:40,10
DA:43,13
DA:54,14
DA:64,14
DA:73,2
LF:16
LH:16
BRDA:35,0,0,2
BRDA:35,0,1,11
BRDA:37,1,0,1
BRDA:37,1,1,10
BRDA:43,2,0,8
BRDA:43,2,1,5
BRDA:43,3,0,13
BRDA:43,3,1,8
BRDA:54,4,0,13
BRDA:54,4,1,1
BRF:10
BRH:10
end_of_record
TN:
SF:/Users/moranlemusj/Desktop/easyaspie/client1.0/components/MapComponent.js
FN:9,(anonymous_0)
FN:20,(anonymous_1)
FN:22,(anonymous_2)
FN:23,(anonymous_3)
FN:28,(anonymous_4)
FN:39,(anonymous_5)
FN:44,(anonymous_6)
FN:45,(anonymous_7)
FN:51,(anonymous_8)
FN:52,(anonymous_9)
FN:63,(anonymous_10)
FN:74,(anonymous_11)
FN:78,(anonymous_12)
FNF:13
FNH:9
FNDA:5,(anonymous_0)
FNDA:5,(anonymous_1)
FNDA:0,(anonymous_2)
FNDA:0,(anonymous_3)
FNDA:3,(anonymous_4)
FNDA:5,(anonymous_5)
FNDA:1,(anonymous_6)
FNDA:1,(anonymous_7)
FNDA:1,(anonymous_8)
FNDA:1,(anonymous_9)
FNDA:0,(anonymous_10)
FNDA:0,(anonymous_11)
FNDA:19,(anonymous_12)
DA:10,5
DA:11,5
DA:21,5
DA:22,0
DA:24,0
DA:25,0
DA:30,3
DA:31,1
DA:32,1
DA:33,0
DA:35,2
DA:40,5
DA:41,5
DA:42,4
DA:43,4
DA:44,1
DA:46,1
DA:49,1
DA:50,1
DA:51,1
DA:53,1
DA:54,1
DA:55,1
DA:57,0
DA:64,0
DA:65,0
DA:67,0
DA:68,0
DA:71,0
DA:75,0
DA:76,0
DA:79,19
DA:95,19
DA:104,3
LF:34
LH:22
BRDA:30,0,0,1
BRDA:30,0,1,2
BRDA:40,1,0,2
BRDA:40,1,1,3
BRDA:41,2,0,4
BRDA:41,2,1,1
BRDA:41,3,0,5
BRDA:41,3,1,4
BRDA:53,4,0,1
BRDA:53,4,1,0
BRDA:65,5,0,0
BRDA:65,5,1,0
BRDA:65,6,0,0
BRDA:65,6,1,0
BRDA:79,7,0,2
BRDA:79,7,1,17
BRF:16
BRH:11
end_of_record
TN:
SF:/Users/moranlemusj/Desktop/easyaspie/client1.0/components/MarkerList.js
FN:6,(anonymous_0)
FN:12,(anonymous_1)
FN:14,(anonymous_2)
FN:28,(anonymous_3)
FN:31,(anonymous_4)
FNF:5
FNH:0
FNDA:0,(anonymous_0)
FNDA:0,(anonymous_1)
FNDA:0,(anonymous_2)
FNDA:0,(anonymous_3)
FNDA:0,(anonymous_4)
DA:7,0
DA:8,0
DA:13,0
DA:15,0
DA:16,0
DA:17,0
DA:18,0
DA:19,0
DA:21,0
DA:28,0
DA:31,0
DA:42,0
DA:47,3
LF:13
LH:1
BRDA:13,0,0,0
BRDA:13,0,1,0
BRDA:16,1,0,0
BRDA:16,1,1,0
BRDA:16,2,0,0
BRDA:16,2,1,0
BRDA:18,3,0,0
BRDA:18,3,1,0
BRF:8
BRH:0
end_of_record
TN:
SF:/Users/moranlemusj/Desktop/easyaspie/client1.0/components/modal.js
FN:28,(anonymous_0)
FN:40,(anonymous_1)
FN:44,(anonymous_2)
FN:48,(anonymous_3)
FN:53,(anonymous_4)
FN:61,(anonymous_5)
FN:69,(anonymous_6)
FN:75,(anonymous_7)
FN:127,(anonymous_8)
FNF:9
FNH:3
FNDA:6,(anonymous_0)
FNDA:0,(anonymous_1)
FNDA:0,(anonymous_2)
FNDA:0,(anonymous_3)
FNDA:0,(anonymous_4)
FNDA:0,(anonymous_5)
FNDA:0,(anonymous_6)
FNDA:18,(anonymous_7)
FNDA:18,(anonymous_8)
DA:24,4
DA:29,6
DA:30,6
DA:41,0
DA:42,0
DA:45,0
DA:46,0
DA:49,0
DA:54,0
DA:55,0
DA:62,0
DA:63,0
DA:66,0
DA:70,0
DA:71,0
DA:76,18
DA:129,18
DA:145,4
DA:265,4
LF:19
LH:7
BRDA:62,0,0,0
BRDA:62,0,1,0
BRDA:77,1,0,0
BRDA:77,1,1,18
BRDA:82,2,0,0
BRDA:82,2,1,0
BRF:6
BRH:1
end_of_record
TN:
SF:/Users/moranlemusj/Desktop/easyaspie/client1.0/components/photoList.js
FN:13,(anonymous_0)
FN:16,(anonymous_1)
FN:32,(anonymous_2)
FNF:3
FNH:0
FNDA:0,(anonymous_0)
FNDA:0,(anonymous_1)
FNDA:0,(anonymous_2)
DA:14,0
DA:15,0
DA:16,0
DA:17,0
DA:33,0
DA:41,4
LF:6
LH:1
BRDA:14,0,0,0
BRDA:14,0,1,0
BRF:2
BRH:0
end_of_record
TN:
SF:/Users/moranlemusj/Desktop/easyaspie/client1.0/tests/setupTests.js
FNF:0
FNH:0
DA:5,4
DA:6,4
LF:2
LH:2
BRF:0
BRH:0
end_of_record
