TN:
SF:/Users/moranlemusj/Desktop/easyaspie/client1.0/components/LandingComponent.js
FN:7,(anonymous_0)
FN:16,(anonymous_1)
FN:24,(anonymous_2)
FN:27,(anonymous_3)
FN:30,(anonymous_4)
FN:33,(anonymous_5)
FN:53,(anonymous_6)
FN:63,(anonymous_7)
FNF:8
FNH:8
FNDA:3,(anonymous_0)
FNDA:3,(anonymous_1)
FNDA:4,(anonymous_2)
FNDA:1,(anonymous_3)
FNDA:1,(anonymous_4)
FNDA:11,(anonymous_5)
FNDA:12,(anonymous_6)
FNDA:12,(anonymous_7)
DA:8,3
DA:9,3
DA:17,3
DA:21,3
DA:25,4
DA:28,1
DA:31,1
DA:35,11
DA:36,2
DA:37,9
DA:38,1
DA:40,8
DA:43,11
DA:54,12
DA:64,12
DA:73,1
LF:16
LH:16
BRDA:35,0,0,2
BRDA:35,0,1,9
BRDA:37,1,0,1
BRDA:37,1,1,8
BRDA:43,2,0,7
BRDA:43,2,1,4
BRDA:43,3,0,11
BRDA:43,3,1,7
BRDA:54,4,0,11
BRDA:54,4,1,1
BRF:10
BRH:10
end_of_record
TN:
SF:/Users/moranlemusj/Desktop/easyaspie/client1.0/components/MapComponent.js
FN:9,(anonymous_0)
FN:20,(anonymous_1)
FN:22,(anonymous_2)
FN:23,(anonymous_3)
FN:28,(anonymous_4)
FN:39,(anonymous_5)
FN:44,(anonymous_6)
FN:45,(anonymous_7)
FN:51,(anonymous_8)
FN:52,(anonymous_9)
FN:63,(anonymous_10)
FN:74,(anonymous_11)
FN:78,(anonymous_12)
FNF:13
FNH:4
FNDA:1,(anonymous_0)
FNDA:1,(anonymous_1)
FNDA:0,(anonymous_2)
FNDA:0,(anonymous_3)
FNDA:1,(anonymous_4)
FNDA:0,(anonymous_5)
FNDA:0,(anonymous_6)
FNDA:0,(anonymous_7)
FNDA:0,(anonymous_8)
FNDA:0,(anonymous_9)
FNDA:0,(anonymous_10)
FNDA:0,(anonymous_11)
FNDA:7,(anonymous_12)
DA:10,1
DA:11,1
DA:21,1
DA:22,0
DA:24,0
DA:25,0
DA:30,1
DA:31,0
DA:32,0
DA:33,0
DA:35,1
DA:40,0
DA:41,0
DA:42,0
DA:43,0
DA:44,0
DA:46,0
DA:49,0
DA:50,0
DA:51,0
DA:53,0
DA:54,0
DA:55,0
DA:57,0
DA:64,0
DA:65,0
DA:67,0
DA:68,0
DA:71,0
DA:75,0
DA:76,0
DA:79,7
DA:95,7
DA:104,1
LF:34
LH:8
BRDA:30,0,0,0
BRDA:30,0,1,1
BRDA:40,1,0,0
BRDA:40,1,1,0
BRDA:41,2,0,0
BRDA:41,2,1,0
BRDA:41,3,0,0
BRDA:41,3,1,0
BRDA:53,4,0,0
BRDA:53,4,1,0
BRDA:65,5,0,0
BRDA:65,5,1,0
BRDA:65,6,0,0
BRDA:65,6,1,0
BRDA:79,7,0,0
BRDA:79,7,1,7
BRF:16
BRH:2
end_of_record
TN:
SF:/Users/moranlemusj/Desktop/easyaspie/client1.0/components/MarkerList.js
FN:6,(anonymous_0)
FN:12,(anonymous_1)
FN:14,(anonymous_2)
FN:28,(anonymous_3)
FN:31,(anonymous_4)
FNF:5
FNH:0
FNDA:0,(anonymous_0)
FNDA:0,(anonymous_1)
FNDA:0,(anonymous_2)
FNDA:0,(anonymous_3)
FNDA:0,(anonymous_4)
DA:7,0
DA:8,0
DA:13,0
DA:15,0
DA:16,0
DA:17,0
DA:18,0
DA:19,0
DA:21,0
DA:28,0
DA:31,0
DA:42,0
DA:47,1
LF:13
LH:1
BRDA:13,0,0,0
BRDA:13,0,1,0
BRDA:16,1,0,0
BRDA:16,1,1,0
BRDA:16,2,0,0
BRDA:16,2,1,0
BRDA:18,3,0,0
BRDA:18,3,1,0
BRF:8
BRH:0
end_of_record
TN:
SF:/Users/moranlemusj/Desktop/easyaspie/client1.0/components/modal.js
FN:28,(anonymous_0)
FN:40,(anonymous_1)
FN:44,(anonymous_2)
FN:48,(anonymous_3)
FN:53,(anonymous_4)
FN:61,(anonymous_5)
FN:69,(anonymous_6)
FN:75,(anonymous_7)
FN:127,(anonymous_8)
FNF:9
FNH:3
FNDA:1,(anonymous_0)
FNDA:0,(anonymous_1)
FNDA:0,(anonymous_2)
FNDA:0,(anonymous_3)
FNDA:0,(anonymous_4)
FNDA:0,(anonymous_5)
FNDA:0,(anonymous_6)
FNDA:7,(anonymous_7)
FNDA:7,(anonymous_8)
DA:24,1
DA:29,1
DA:30,1
DA:41,0
DA:42,0
DA:45,0
DA:46,0
DA:49,0
DA:54,0
DA:55,0
DA:62,0
DA:63,0
DA:66,0
DA:70,0
DA:71,0
DA:76,7
DA:129,7
DA:145,1
DA:265,1
LF:19
LH:7
BRDA:62,0,0,0
BRDA:62,0,1,0
BRDA:77,1,0,0
BRDA:77,1,1,7
BRDA:82,2,0,0
BRDA:82,2,1,0
BRF:6
BRH:1
end_of_record
TN:
SF:/Users/moranlemusj/Desktop/easyaspie/client1.0/components/photoList.js
FN:13,(anonymous_0)
FN:16,(anonymous_1)
FN:32,(anonymous_2)
FNF:3
FNH:0
FNDA:0,(anonymous_0)
FNDA:0,(anonymous_1)
FNDA:0,(anonymous_2)
DA:14,0
DA:15,0
DA:16,0
DA:17,0
DA:33,0
DA:41,1
LF:6
LH:1
BRDA:14,0,0,0
BRDA:14,0,1,0
BRF:2
BRH:0
end_of_record
TN:
SF:/Users/moranlemusj/Desktop/easyaspie/client1.0/tests/setupTests.js
FNF:0
FNH:0
DA:5,1
LF:1
LH:1
BRF:0
BRH:0
end_of_record
